2022-09-15 13:47:02.974  INFO 2668 --- [main] ru.katkova.egannouncerbot.Application    : Starting Application using Java 11.0.15 on WIN-901V0CDECDT with PID 2668 (C:\Data\JavaProjects\EGAnnouncer\target\classes started by user in C:\Data\JavaProjects\EGAnnouncer)
2022-09-15 13:47:02.990 DEBUG 2668 --- [main] ru.katkova.egannouncerbot.Application    : Running with Spring Boot v2.6.10, Spring v5.3.22
2022-09-15 13:47:02.991  INFO 2668 --- [main] ru.katkova.egannouncerbot.Application    : No active profile set, falling back to 1 default profile: "default"
2022-09-15 13:47:03.570  INFO 2668 --- [main] .s.d.r.c.RepositoryConfigurationDelegate : Bootstrapping Spring Data JPA repositories in DEFAULT mode.
2022-09-15 13:47:03.624  INFO 2668 --- [main] .s.d.r.c.RepositoryConfigurationDelegate : Finished Spring Data repository scanning in 44 ms. Found 2 JPA repository interfaces.
2022-09-15 13:47:04.051  INFO 2668 --- [main] o.s.b.w.embedded.tomcat.TomcatWebServer  : Tomcat initialized with port(s): 8080 (http)
2022-09-15 13:47:04.059  INFO 2668 --- [main] o.apache.catalina.core.StandardService   : Starting service [Tomcat]
2022-09-15 13:47:04.060  INFO 2668 --- [main] org.apache.catalina.core.StandardEngine  : Starting Servlet engine: [Apache Tomcat/9.0.65]
2022-09-15 13:47:04.152  INFO 2668 --- [main] o.a.c.c.C.[Tomcat].[localhost].[/]       : Initializing Spring embedded WebApplicationContext
2022-09-15 13:47:04.152  INFO 2668 --- [main] w.s.c.ServletWebServerApplicationContext : Root WebApplicationContext: initialization completed in 1122 ms
2022-09-15 13:47:04.260  INFO 2668 --- [main] o.f.c.internal.license.VersionPrinter    : Flyway Community Edition 5.2.4 by Boxfuse
2022-09-15 13:47:04.263  INFO 2668 --- [main] com.zaxxer.hikari.HikariDataSource       : HikariPool-1 - Starting...
2022-09-15 13:47:04.413  INFO 2668 --- [main] com.zaxxer.hikari.HikariDataSource       : HikariPool-1 - Start completed.
2022-09-15 13:47:04.418  INFO 2668 --- [main] o.f.c.internal.database.DatabaseFactory  : Database: jdbc:postgresql://localhost:5432/test (PostgreSQL 14.5)
2022-09-15 13:47:04.433  WARN 2668 --- [main] o.f.c.internal.database.base.Database    : Flyway upgrade recommended: PostgreSQL 14.5 is newer than this version of Flyway and support has not been tested.
2022-09-15 13:47:04.485  INFO 2668 --- [main] o.f.core.internal.command.DbValidate     : Successfully validated 2 migrations (execution time 00:00.021s)
2022-09-15 13:47:04.496  INFO 2668 --- [main] o.f.core.internal.command.DbMigrate      : Current version of schema "public": 2
2022-09-15 13:47:04.496  INFO 2668 --- [main] o.f.core.internal.command.DbMigrate      : Schema "public" is up to date. No migration necessary.
2022-09-15 13:47:04.598  INFO 2668 --- [main] o.hibernate.jpa.internal.util.LogHelper  : HHH000204: Processing PersistenceUnitInfo [name: default]
2022-09-15 13:47:04.648  INFO 2668 --- [main] org.hibernate.Version                    : HHH000412: Hibernate ORM core version 5.6.10.Final
2022-09-15 13:47:04.798  INFO 2668 --- [main] o.hibernate.annotations.common.Version   : HCANN000001: Hibernate Commons Annotations {5.1.2.Final}
2022-09-15 13:47:04.904  INFO 2668 --- [main] org.hibernate.dialect.Dialect            : HHH000400: Using dialect: org.hibernate.dialect.PostgreSQL10Dialect
2022-09-15 13:47:05.329  INFO 2668 --- [main] o.h.e.t.j.p.i.JtaPlatformInitiator       : HHH000490: Using JtaPlatform implementation: [org.hibernate.engine.transaction.jta.platform.internal.NoJtaPlatform]
2022-09-15 13:47:05.337  INFO 2668 --- [main] j.LocalContainerEntityManagerFactoryBean : Initialized JPA EntityManagerFactory for persistence unit 'default'
2022-09-15 13:47:05.870  WARN 2668 --- [main] JpaBaseConfiguration$JpaWebConfiguration : spring.jpa.open-in-view is enabled by default. Therefore, database queries may be performed during view rendering. Explicitly configure spring.jpa.open-in-view to disable this warning
2022-09-15 13:47:06.163  INFO 2668 --- [main] o.s.b.w.embedded.tomcat.TomcatWebServer  : Tomcat started on port(s): 8080 (http) with context path ''
2022-09-15 13:47:06.177  INFO 2668 --- [main] ru.katkova.egannouncerbot.Application    : Started Application in 3.57 seconds (JVM running for 4.399)
2022-09-15 14:02:00.523  INFO 2668 --- [SpringApplicationShutdownHook] j.LocalContainerEntityManagerFactoryBean : Closing JPA EntityManagerFactory for persistence unit 'default'
2022-09-15 14:02:00.534  INFO 2668 --- [SpringApplicationShutdownHook] com.zaxxer.hikari.HikariDataSource       : HikariPool-1 - Shutdown initiated...
2022-09-15 14:02:00.548  INFO 2668 --- [SpringApplicationShutdownHook] com.zaxxer.hikari.HikariDataSource       : HikariPool-1 - Shutdown completed.
2022-09-15 14:02:36.597  INFO 3480 --- [main] ru.katkova.egannouncerbot.Application    : Starting Application using Java 11.0.15 on WIN-901V0CDECDT with PID 3480 (C:\Data\JavaProjects\EGAnnouncer\target\classes started by user in C:\Data\JavaProjects\EGAnnouncer)
2022-09-15 14:02:36.600 DEBUG 3480 --- [main] ru.katkova.egannouncerbot.Application    : Running with Spring Boot v2.6.10, Spring v5.3.22
2022-09-15 14:02:36.600  INFO 3480 --- [main] ru.katkova.egannouncerbot.Application    : No active profile set, falling back to 1 default profile: "default"
2022-09-15 14:02:37.244  INFO 3480 --- [main] .s.d.r.c.RepositoryConfigurationDelegate : Bootstrapping Spring Data JPA repositories in DEFAULT mode.
2022-09-15 14:02:37.307  INFO 3480 --- [main] .s.d.r.c.RepositoryConfigurationDelegate : Finished Spring Data repository scanning in 52 ms. Found 2 JPA repository interfaces.
2022-09-15 14:02:37.857  INFO 3480 --- [main] o.s.b.w.embedded.tomcat.TomcatWebServer  : Tomcat initialized with port(s): 8080 (http)
2022-09-15 14:02:37.868  INFO 3480 --- [main] o.apache.catalina.core.StandardService   : Starting service [Tomcat]
2022-09-15 14:02:37.868  INFO 3480 --- [main] org.apache.catalina.core.StandardEngine  : Starting Servlet engine: [Apache Tomcat/9.0.65]
2022-09-15 14:02:37.990  INFO 3480 --- [main] o.a.c.c.C.[Tomcat].[localhost].[/]       : Initializing Spring embedded WebApplicationContext
2022-09-15 14:02:37.991  INFO 3480 --- [main] w.s.c.ServletWebServerApplicationContext : Root WebApplicationContext: initialization completed in 1347 ms
2022-09-15 14:02:38.162  INFO 3480 --- [main] o.f.c.internal.license.VersionPrinter    : Flyway Community Edition 5.2.4 by Boxfuse
2022-09-15 14:02:38.165  INFO 3480 --- [main] com.zaxxer.hikari.HikariDataSource       : HikariPool-1 - Starting...
2022-09-15 14:02:38.327  INFO 3480 --- [main] com.zaxxer.hikari.HikariDataSource       : HikariPool-1 - Start completed.
2022-09-15 14:02:38.335  INFO 3480 --- [main] o.f.c.internal.database.DatabaseFactory  : Database: jdbc:postgresql://localhost:5432/test (PostgreSQL 14.5)
2022-09-15 14:02:38.342  WARN 3480 --- [main] o.f.c.internal.database.base.Database    : Flyway upgrade recommended: PostgreSQL 14.5 is newer than this version of Flyway and support has not been tested.
2022-09-15 14:02:38.397  INFO 3480 --- [main] o.f.core.internal.command.DbValidate     : Successfully validated 2 migrations (execution time 00:00.031s)
2022-09-15 14:02:38.412  INFO 3480 --- [main] o.f.core.internal.command.DbMigrate      : Current version of schema "public": 2
2022-09-15 14:02:38.414  INFO 3480 --- [main] o.f.core.internal.command.DbMigrate      : Schema "public" is up to date. No migration necessary.
2022-09-15 14:02:38.540  INFO 3480 --- [main] o.hibernate.jpa.internal.util.LogHelper  : HHH000204: Processing PersistenceUnitInfo [name: default]
2022-09-15 14:02:38.602  INFO 3480 --- [main] org.hibernate.Version                    : HHH000412: Hibernate ORM core version 5.6.10.Final
2022-09-15 14:02:38.770  INFO 3480 --- [main] o.hibernate.annotations.common.Version   : HCANN000001: Hibernate Commons Annotations {5.1.2.Final}
2022-09-15 14:02:38.907  INFO 3480 --- [main] org.hibernate.dialect.Dialect            : HHH000400: Using dialect: org.hibernate.dialect.PostgreSQL10Dialect
2022-09-15 14:02:39.458  INFO 3480 --- [main] o.h.e.t.j.p.i.JtaPlatformInitiator       : HHH000490: Using JtaPlatform implementation: [org.hibernate.engine.transaction.jta.platform.internal.NoJtaPlatform]
2022-09-15 14:02:39.468  INFO 3480 --- [main] j.LocalContainerEntityManagerFactoryBean : Initialized JPA EntityManagerFactory for persistence unit 'default'
2022-09-15 14:02:40.188  WARN 3480 --- [main] JpaBaseConfiguration$JpaWebConfiguration : spring.jpa.open-in-view is enabled by default. Therefore, database queries may be performed during view rendering. Explicitly configure spring.jpa.open-in-view to disable this warning
2022-09-15 14:02:40.519  INFO 3480 --- [main] o.s.b.w.embedded.tomcat.TomcatWebServer  : Tomcat started on port(s): 8080 (http) with context path ''
2022-09-15 14:02:40.535  INFO 3480 --- [main] ru.katkova.egannouncerbot.Application    : Started Application in 4.455 seconds (JVM running for 5.498)
2022-09-15 14:02:45.842 ERROR 3480 --- [GamesAnnouncerBot Telegram Executor] o.t.t.u.DefaultBotSession                : null

java.lang.NullPointerException: null
	at ru.katkova.egannouncerbot.bot.Bot.onUpdateReceived(Bot.java:34) ~[classes/:na]
	at java.base/java.util.ArrayList.forEach(ArrayList.java:1541) ~[na:na]
	at ru.katkova.egannouncerbot.bot.Bot.onUpdatesReceived(Bot.java:87) ~[classes/:na]
	at org.telegram.telegrambots.updatesreceivers.DefaultBotSession$HandlerThread.run(DefaultBotSession.java:317) ~[telegrambots-6.1.0.jar:na]

2022-09-15 14:03:28.700 ERROR 3480 --- [GamesAnnouncerBot Telegram Executor] o.t.t.u.DefaultBotSession                : null

java.lang.NullPointerException: null
	at ru.katkova.egannouncerbot.bot.Bot.onUpdateReceived(Bot.java:34) ~[classes/:na]
	at java.base/java.util.ArrayList.forEach(ArrayList.java:1541) ~[na:na]
	at ru.katkova.egannouncerbot.bot.Bot.onUpdatesReceived(Bot.java:87) ~[classes/:na]
	at org.telegram.telegrambots.updatesreceivers.DefaultBotSession$HandlerThread.run(DefaultBotSession.java:317) ~[telegrambots-6.1.0.jar:na]

2022-09-15 14:03:34.263  INFO 3480 --- [SpringApplicationShutdownHook] j.LocalContainerEntityManagerFactoryBean : Closing JPA EntityManagerFactory for persistence unit 'default'
2022-09-15 14:03:34.267  INFO 3480 --- [SpringApplicationShutdownHook] com.zaxxer.hikari.HikariDataSource       : HikariPool-1 - Shutdown initiated...
2022-09-15 14:03:34.279  INFO 3480 --- [SpringApplicationShutdownHook] com.zaxxer.hikari.HikariDataSource       : HikariPool-1 - Shutdown completed.
2022-09-15 14:03:59.584  INFO 11544 --- [main] ru.katkova.egannouncerbot.Application    : Starting Application using Java 11.0.15 on WIN-901V0CDECDT with PID 11544 (C:\Data\JavaProjects\EGAnnouncer\target\classes started by user in C:\Data\JavaProjects\EGAnnouncer)
2022-09-15 14:03:59.586 DEBUG 11544 --- [main] ru.katkova.egannouncerbot.Application    : Running with Spring Boot v2.6.10, Spring v5.3.22
2022-09-15 14:03:59.587  INFO 11544 --- [main] ru.katkova.egannouncerbot.Application    : No active profile set, falling back to 1 default profile: "default"
2022-09-15 14:04:00.317  INFO 11544 --- [main] .s.d.r.c.RepositoryConfigurationDelegate : Bootstrapping Spring Data JPA repositories in DEFAULT mode.
2022-09-15 14:04:00.389  INFO 11544 --- [main] .s.d.r.c.RepositoryConfigurationDelegate : Finished Spring Data repository scanning in 60 ms. Found 2 JPA repository interfaces.
2022-09-15 14:04:00.999  INFO 11544 --- [main] o.s.b.w.embedded.tomcat.TomcatWebServer  : Tomcat initialized with port(s): 8080 (http)
2022-09-15 14:04:01.011  INFO 11544 --- [main] o.apache.catalina.core.StandardService   : Starting service [Tomcat]
2022-09-15 14:04:01.011  INFO 11544 --- [main] org.apache.catalina.core.StandardEngine  : Starting Servlet engine: [Apache Tomcat/9.0.65]
2022-09-15 14:04:01.171  INFO 11544 --- [main] o.a.c.c.C.[Tomcat].[localhost].[/]       : Initializing Spring embedded WebApplicationContext
2022-09-15 14:04:01.171  INFO 11544 --- [main] w.s.c.ServletWebServerApplicationContext : Root WebApplicationContext: initialization completed in 1519 ms
2022-09-15 14:04:01.323  INFO 11544 --- [main] o.f.c.internal.license.VersionPrinter    : Flyway Community Edition 5.2.4 by Boxfuse
2022-09-15 14:04:01.326  INFO 11544 --- [main] com.zaxxer.hikari.HikariDataSource       : HikariPool-1 - Starting...
2022-09-15 14:04:01.654  INFO 11544 --- [main] com.zaxxer.hikari.HikariDataSource       : HikariPool-1 - Start completed.
2022-09-15 14:04:01.663  INFO 11544 --- [main] o.f.c.internal.database.DatabaseFactory  : Database: jdbc:postgresql://localhost:5432/test (PostgreSQL 14.5)
2022-09-15 14:04:01.671  WARN 11544 --- [main] o.f.c.internal.database.base.Database    : Flyway upgrade recommended: PostgreSQL 14.5 is newer than this version of Flyway and support has not been tested.
2022-09-15 14:04:01.724  INFO 11544 --- [main] o.f.core.internal.command.DbValidate     : Successfully validated 2 migrations (execution time 00:00.026s)
2022-09-15 14:04:01.735  INFO 11544 --- [main] o.f.core.internal.command.DbMigrate      : Current version of schema "public": 2
2022-09-15 14:04:01.736  INFO 11544 --- [main] o.f.core.internal.command.DbMigrate      : Schema "public" is up to date. No migration necessary.
2022-09-15 14:04:01.866  INFO 11544 --- [main] o.hibernate.jpa.internal.util.LogHelper  : HHH000204: Processing PersistenceUnitInfo [name: default]
2022-09-15 14:04:01.976  INFO 11544 --- [main] org.hibernate.Version                    : HHH000412: Hibernate ORM core version 5.6.10.Final
2022-09-15 14:04:02.175  INFO 11544 --- [main] o.hibernate.annotations.common.Version   : HCANN000001: Hibernate Commons Annotations {5.1.2.Final}
2022-09-15 14:04:02.338  INFO 11544 --- [main] org.hibernate.dialect.Dialect            : HHH000400: Using dialect: org.hibernate.dialect.PostgreSQL10Dialect
2022-09-15 14:04:02.981  INFO 11544 --- [main] o.h.e.t.j.p.i.JtaPlatformInitiator       : HHH000490: Using JtaPlatform implementation: [org.hibernate.engine.transaction.jta.platform.internal.NoJtaPlatform]
2022-09-15 14:04:02.994  INFO 11544 --- [main] j.LocalContainerEntityManagerFactoryBean : Initialized JPA EntityManagerFactory for persistence unit 'default'
2022-09-15 14:04:03.963  WARN 11544 --- [main] JpaBaseConfiguration$JpaWebConfiguration : spring.jpa.open-in-view is enabled by default. Therefore, database queries may be performed during view rendering. Explicitly configure spring.jpa.open-in-view to disable this warning
2022-09-15 14:04:04.347  INFO 11544 --- [main] o.s.b.w.embedded.tomcat.TomcatWebServer  : Tomcat started on port(s): 8080 (http) with context path ''
2022-09-15 14:04:04.364  INFO 11544 --- [main] ru.katkova.egannouncerbot.Application    : Started Application in 5.331 seconds (JVM running for 7.558)
2022-09-15 14:07:06.847  WARN 11544 --- [HikariPool-1 housekeeper] com.zaxxer.hikari.pool.HikariPool        : HikariPool-1 - Thread starvation or clock leap detected (housekeeper delta=3m5s91ms130µs400ns).
2022-09-15 14:08:06.715 ERROR 11544 --- [GamesAnnouncerBot Telegram Executor] o.t.t.u.DefaultBotSession                : null

java.lang.NullPointerException: null
	at ru.katkova.egannouncerbot.bot.Bot.onUpdateReceived(Bot.java:34) ~[classes/:na]
	at java.base/java.util.ArrayList.forEach(ArrayList.java:1541) ~[na:na]
	at ru.katkova.egannouncerbot.bot.Bot.onUpdatesReceived(Bot.java:87) ~[classes/:na]
	at org.telegram.telegrambots.updatesreceivers.DefaultBotSession$HandlerThread.run(DefaultBotSession.java:317) ~[telegrambots-6.1.0.jar:na]

2022-09-15 14:09:20.069  WARN 11544 --- [HikariPool-1 housekeeper] com.zaxxer.hikari.pool.HikariPool        : HikariPool-1 - Thread starvation or clock leap detected (housekeeper delta=2m13s221ms940µs700ns).
2022-09-15 14:10:50.779 ERROR 11544 --- [GamesAnnouncerBot Telegram Executor] o.t.t.u.DefaultBotSession                : null

java.lang.NullPointerException: null
	at ru.katkova.egannouncerbot.bot.Bot.onUpdateReceived(Bot.java:34) ~[classes/:na]
	at java.base/java.util.ArrayList.forEach(ArrayList.java:1541) ~[na:na]
	at ru.katkova.egannouncerbot.bot.Bot.onUpdatesReceived(Bot.java:87) ~[classes/:na]
	at org.telegram.telegrambots.updatesreceivers.DefaultBotSession$HandlerThread.run(DefaultBotSession.java:317) ~[telegrambots-6.1.0.jar:na]

2022-09-15 14:10:51.001  INFO 11544 --- [SpringApplicationShutdownHook] j.LocalContainerEntityManagerFactoryBean : Closing JPA EntityManagerFactory for persistence unit 'default'
2022-09-15 14:10:51.006  INFO 11544 --- [SpringApplicationShutdownHook] com.zaxxer.hikari.HikariDataSource       : HikariPool-1 - Shutdown initiated...
2022-09-15 14:10:51.019  INFO 11544 --- [SpringApplicationShutdownHook] com.zaxxer.hikari.HikariDataSource       : HikariPool-1 - Shutdown completed.
2022-09-15 15:21:27.284  INFO 15056 --- [main] ru.katkova.egannouncerbot.Application    : Starting Application using Java 11.0.15 on WIN-901V0CDECDT with PID 15056 (C:\Data\JavaProjects\EGAnnouncer\target\classes started by user in C:\Data\JavaProjects\EGAnnouncer)
2022-09-15 15:21:27.287 DEBUG 15056 --- [main] ru.katkova.egannouncerbot.Application    : Running with Spring Boot v2.6.10, Spring v5.3.22
2022-09-15 15:21:27.287  INFO 15056 --- [main] ru.katkova.egannouncerbot.Application    : No active profile set, falling back to 1 default profile: "default"
2022-09-15 15:21:27.934  INFO 15056 --- [main] .s.d.r.c.RepositoryConfigurationDelegate : Bootstrapping Spring Data JPA repositories in DEFAULT mode.
2022-09-15 15:21:27.998  INFO 15056 --- [main] .s.d.r.c.RepositoryConfigurationDelegate : Finished Spring Data repository scanning in 52 ms. Found 2 JPA repository interfaces.
2022-09-15 15:21:28.544  INFO 15056 --- [main] o.s.b.w.embedded.tomcat.TomcatWebServer  : Tomcat initialized with port(s): 8080 (http)
2022-09-15 15:21:28.554  INFO 15056 --- [main] o.apache.catalina.core.StandardService   : Starting service [Tomcat]
2022-09-15 15:21:28.555  INFO 15056 --- [main] org.apache.catalina.core.StandardEngine  : Starting Servlet engine: [Apache Tomcat/9.0.65]
2022-09-15 15:21:28.681  INFO 15056 --- [main] o.a.c.c.C.[Tomcat].[localhost].[/]       : Initializing Spring embedded WebApplicationContext
2022-09-15 15:21:28.681  INFO 15056 --- [main] w.s.c.ServletWebServerApplicationContext : Root WebApplicationContext: initialization completed in 1340 ms
2022-09-15 15:21:28.843  INFO 15056 --- [main] o.f.c.internal.license.VersionPrinter    : Flyway Community Edition 5.2.4 by Boxfuse
2022-09-15 15:21:28.846  INFO 15056 --- [main] com.zaxxer.hikari.HikariDataSource       : HikariPool-1 - Starting...
2022-09-15 15:21:29.022  INFO 15056 --- [main] com.zaxxer.hikari.HikariDataSource       : HikariPool-1 - Start completed.
2022-09-15 15:21:29.031  INFO 15056 --- [main] o.f.c.internal.database.DatabaseFactory  : Database: jdbc:postgresql://localhost:5432/test (PostgreSQL 14.5)
2022-09-15 15:21:29.040  WARN 15056 --- [main] o.f.c.internal.database.base.Database    : Flyway upgrade recommended: PostgreSQL 14.5 is newer than this version of Flyway and support has not been tested.
2022-09-15 15:21:29.102  INFO 15056 --- [main] o.f.core.internal.command.DbValidate     : Successfully validated 2 migrations (execution time 00:00.029s)
2022-09-15 15:21:29.115  INFO 15056 --- [main] o.f.core.internal.command.DbMigrate      : Current version of schema "public": 2
2022-09-15 15:21:29.116  INFO 15056 --- [main] o.f.core.internal.command.DbMigrate      : Schema "public" is up to date. No migration necessary.
2022-09-15 15:21:29.260  INFO 15056 --- [main] o.hibernate.jpa.internal.util.LogHelper  : HHH000204: Processing PersistenceUnitInfo [name: default]
2022-09-15 15:21:29.335  INFO 15056 --- [main] org.hibernate.Version                    : HHH000412: Hibernate ORM core version 5.6.10.Final
2022-09-15 15:21:29.523  INFO 15056 --- [main] o.hibernate.annotations.common.Version   : HCANN000001: Hibernate Commons Annotations {5.1.2.Final}
2022-09-15 15:21:29.667  INFO 15056 --- [main] org.hibernate.dialect.Dialect            : HHH000400: Using dialect: org.hibernate.dialect.PostgreSQL10Dialect
2022-09-15 15:21:30.114  INFO 15056 --- [main] o.h.e.t.j.p.i.JtaPlatformInitiator       : HHH000490: Using JtaPlatform implementation: [org.hibernate.engine.transaction.jta.platform.internal.NoJtaPlatform]
2022-09-15 15:21:30.123  INFO 15056 --- [main] j.LocalContainerEntityManagerFactoryBean : Initialized JPA EntityManagerFactory for persistence unit 'default'
2022-09-15 15:21:30.725  WARN 15056 --- [main] JpaBaseConfiguration$JpaWebConfiguration : spring.jpa.open-in-view is enabled by default. Therefore, database queries may be performed during view rendering. Explicitly configure spring.jpa.open-in-view to disable this warning
2022-09-15 15:21:31.008  INFO 15056 --- [main] o.s.b.w.embedded.tomcat.TomcatWebServer  : Tomcat started on port(s): 8080 (http) with context path ''
2022-09-15 15:21:31.023  INFO 15056 --- [main] ru.katkova.egannouncerbot.Application    : Started Application in 4.233 seconds (JVM running for 5.332)
2022-09-15 15:24:49.743  INFO 15056 --- [SpringApplicationShutdownHook] j.LocalContainerEntityManagerFactoryBean : Closing JPA EntityManagerFactory for persistence unit 'default'
2022-09-15 15:24:49.747  INFO 15056 --- [SpringApplicationShutdownHook] com.zaxxer.hikari.HikariDataSource       : HikariPool-1 - Shutdown initiated...
2022-09-15 15:24:49.757  INFO 15056 --- [SpringApplicationShutdownHook] com.zaxxer.hikari.HikariDataSource       : HikariPool-1 - Shutdown completed.
2022-09-15 15:24:58.904  INFO 15968 --- [main] ru.katkova.egannouncerbot.Application    : Starting Application using Java 11.0.15 on WIN-901V0CDECDT with PID 15968 (C:\Data\JavaProjects\EGAnnouncer\target\classes started by user in C:\Data\JavaProjects\EGAnnouncer)
2022-09-15 15:24:58.907 DEBUG 15968 --- [main] ru.katkova.egannouncerbot.Application    : Running with Spring Boot v2.6.10, Spring v5.3.22
2022-09-15 15:24:58.908  INFO 15968 --- [main] ru.katkova.egannouncerbot.Application    : No active profile set, falling back to 1 default profile: "default"
2022-09-15 15:24:59.654  INFO 15968 --- [main] .s.d.r.c.RepositoryConfigurationDelegate : Bootstrapping Spring Data JPA repositories in DEFAULT mode.
2022-09-15 15:24:59.728  INFO 15968 --- [main] .s.d.r.c.RepositoryConfigurationDelegate : Finished Spring Data repository scanning in 60 ms. Found 2 JPA repository interfaces.
2022-09-15 15:25:00.455  INFO 15968 --- [main] o.s.b.w.embedded.tomcat.TomcatWebServer  : Tomcat initialized with port(s): 8080 (http)
2022-09-15 15:25:00.467  INFO 15968 --- [main] o.apache.catalina.core.StandardService   : Starting service [Tomcat]
2022-09-15 15:25:00.468  INFO 15968 --- [main] org.apache.catalina.core.StandardEngine  : Starting Servlet engine: [Apache Tomcat/9.0.65]
2022-09-15 15:25:00.644  INFO 15968 --- [main] o.a.c.c.C.[Tomcat].[localhost].[/]       : Initializing Spring embedded WebApplicationContext
2022-09-15 15:25:00.645  INFO 15968 --- [main] w.s.c.ServletWebServerApplicationContext : Root WebApplicationContext: initialization completed in 1684 ms
2022-09-15 15:25:00.808  INFO 15968 --- [main] o.f.c.internal.license.VersionPrinter    : Flyway Community Edition 5.2.4 by Boxfuse
2022-09-15 15:25:00.812  INFO 15968 --- [main] com.zaxxer.hikari.HikariDataSource       : HikariPool-1 - Starting...
2022-09-15 15:25:01.114  INFO 15968 --- [main] com.zaxxer.hikari.HikariDataSource       : HikariPool-1 - Start completed.
2022-09-15 15:25:01.122  INFO 15968 --- [main] o.f.c.internal.database.DatabaseFactory  : Database: jdbc:postgresql://localhost:5432/test (PostgreSQL 14.5)
2022-09-15 15:25:01.131  WARN 15968 --- [main] o.f.c.internal.database.base.Database    : Flyway upgrade recommended: PostgreSQL 14.5 is newer than this version of Flyway and support has not been tested.
2022-09-15 15:25:01.177  INFO 15968 --- [main] o.f.core.internal.command.DbValidate     : Successfully validated 2 migrations (execution time 00:00.022s)
2022-09-15 15:25:01.186  INFO 15968 --- [main] o.f.core.internal.command.DbMigrate      : Current version of schema "public": 2
2022-09-15 15:25:01.187  INFO 15968 --- [main] o.f.core.internal.command.DbMigrate      : Schema "public" is up to date. No migration necessary.
2022-09-15 15:25:01.305  INFO 15968 --- [main] o.hibernate.jpa.internal.util.LogHelper  : HHH000204: Processing PersistenceUnitInfo [name: default]
2022-09-15 15:25:01.377  INFO 15968 --- [main] org.hibernate.Version                    : HHH000412: Hibernate ORM core version 5.6.10.Final
2022-09-15 15:25:01.545  INFO 15968 --- [main] o.hibernate.annotations.common.Version   : HCANN000001: Hibernate Commons Annotations {5.1.2.Final}
2022-09-15 15:25:01.691  INFO 15968 --- [main] org.hibernate.dialect.Dialect            : HHH000400: Using dialect: org.hibernate.dialect.PostgreSQL10Dialect
2022-09-15 15:25:02.198  INFO 15968 --- [main] o.h.e.t.j.p.i.JtaPlatformInitiator       : HHH000490: Using JtaPlatform implementation: [org.hibernate.engine.transaction.jta.platform.internal.NoJtaPlatform]
2022-09-15 15:25:02.208  INFO 15968 --- [main] j.LocalContainerEntityManagerFactoryBean : Initialized JPA EntityManagerFactory for persistence unit 'default'
2022-09-15 15:25:02.886  WARN 15968 --- [main] JpaBaseConfiguration$JpaWebConfiguration : spring.jpa.open-in-view is enabled by default. Therefore, database queries may be performed during view rendering. Explicitly configure spring.jpa.open-in-view to disable this warning
2022-09-15 15:25:03.204  INFO 15968 --- [main] o.s.b.w.embedded.tomcat.TomcatWebServer  : Tomcat started on port(s): 8080 (http) with context path ''
2022-09-15 15:25:03.220  INFO 15968 --- [main] ru.katkova.egannouncerbot.Application    : Started Application in 4.858 seconds (JVM running for 6.147)
2022-09-15 15:27:36.521  WARN 15968 --- [HikariPool-1 housekeeper] com.zaxxer.hikari.pool.HikariPool        : HikariPool-1 - Thread starvation or clock leap detected (housekeeper delta=2m35s298ms2µs400ns).
2022-09-15 15:29:29.319  WARN 15968 --- [HikariPool-1 housekeeper] com.zaxxer.hikari.pool.HikariPool        : HikariPool-1 - Thread starvation or clock leap detected (housekeeper delta=1m22s254ms434µs).
2022-09-15 15:29:43.225 ERROR 15968 --- [GamesAnnouncerBot Telegram Executor] o.t.t.u.DefaultBotSession                : No EntityManager with actual transaction available for current thread - cannot reliably process 'remove' call; nested exception is javax.persistence.TransactionRequiredException: No EntityManager with actual transaction available for current thread - cannot reliably process 'remove' call

org.springframework.dao.InvalidDataAccessApiUsageException: No EntityManager with actual transaction available for current thread - cannot reliably process 'remove' call; nested exception is javax.persistence.TransactionRequiredException: No EntityManager with actual transaction available for current thread - cannot reliably process 'remove' call
	at org.springframework.orm.jpa.EntityManagerFactoryUtils.convertJpaAccessExceptionIfPossible(EntityManagerFactoryUtils.java:403) ~[spring-orm-5.3.22.jar:5.3.22]
	at org.springframework.orm.jpa.vendor.HibernateJpaDialect.translateExceptionIfPossible(HibernateJpaDialect.java:235) ~[spring-orm-5.3.22.jar:5.3.22]
	at org.springframework.orm.jpa.AbstractEntityManagerFactoryBean.translateExceptionIfPossible(AbstractEntityManagerFactoryBean.java:551) ~[spring-orm-5.3.22.jar:5.3.22]
	at org.springframework.dao.support.ChainedPersistenceExceptionTranslator.translateExceptionIfPossible(ChainedPersistenceExceptionTranslator.java:61) ~[spring-tx-5.3.22.jar:5.3.22]
	at org.springframework.dao.support.DataAccessUtils.translateIfNecessary(DataAccessUtils.java:242) ~[spring-tx-5.3.22.jar:5.3.22]
	at org.springframework.dao.support.PersistenceExceptionTranslationInterceptor.invoke(PersistenceExceptionTranslationInterceptor.java:152) ~[spring-tx-5.3.22.jar:5.3.22]
	at org.springframework.aop.framework.ReflectiveMethodInvocation.proceed(ReflectiveMethodInvocation.java:186) ~[spring-aop-5.3.22.jar:5.3.22]
	at org.springframework.data.jpa.repository.support.CrudMethodMetadataPostProcessor$CrudMethodMetadataPopulatingMethodInterceptor.invoke(CrudMethodMetadataPostProcessor.java:145) ~[spring-data-jpa-2.7.2.jar:2.7.2]
	at org.springframework.aop.framework.ReflectiveMethodInvocation.proceed(ReflectiveMethodInvocation.java:186) ~[spring-aop-5.3.22.jar:5.3.22]
	at org.springframework.aop.interceptor.ExposeInvocationInterceptor.invoke(ExposeInvocationInterceptor.java:97) ~[spring-aop-5.3.22.jar:5.3.22]
	at org.springframework.aop.framework.ReflectiveMethodInvocation.proceed(ReflectiveMethodInvocation.java:186) ~[spring-aop-5.3.22.jar:5.3.22]
	at org.springframework.aop.framework.JdkDynamicAopProxy.invoke(JdkDynamicAopProxy.java:215) ~[spring-aop-5.3.22.jar:5.3.22]
	at com.sun.proxy.$Proxy101.deleteAllByChatId(Unknown Source) ~[na:na]
	at ru.katkova.egannouncerbot.service.UserService.deleteUser(UserService.java:27) ~[classes/:na]
	at ru.katkova.egannouncerbot.bot.Bot.onUpdatesReceived(Bot.java:82) ~[classes/:na]
	at org.telegram.telegrambots.updatesreceivers.DefaultBotSession$HandlerThread.run(DefaultBotSession.java:317) ~[telegrambots-6.1.0.jar:na]
Caused by: javax.persistence.TransactionRequiredException: No EntityManager with actual transaction available for current thread - cannot reliably process 'remove' call
	at org.springframework.orm.jpa.SharedEntityManagerCreator$SharedEntityManagerInvocationHandler.invoke(SharedEntityManagerCreator.java:295) ~[spring-orm-5.3.22.jar:5.3.22]
	at com.sun.proxy.$Proxy98.remove(Unknown Source) ~[na:na]
	at org.springframework.data.jpa.repository.query.JpaQueryExecution$DeleteExecution.doExecute(JpaQueryExecution.java:277) ~[spring-data-jpa-2.7.2.jar:2.7.2]
	at org.springframework.data.jpa.repository.query.JpaQueryExecution.execute(JpaQueryExecution.java:90) ~[spring-data-jpa-2.7.2.jar:2.7.2]
	at org.springframework.data.jpa.repository.query.AbstractJpaQuery.doExecute(AbstractJpaQuery.java:156) ~[spring-data-jpa-2.7.2.jar:2.7.2]
	at org.springframework.data.jpa.repository.query.AbstractJpaQuery.execute(AbstractJpaQuery.java:144) ~[spring-data-jpa-2.7.2.jar:2.7.2]
	at org.springframework.data.repository.core.support.RepositoryMethodInvoker.doInvoke(RepositoryMethodInvoker.java:137) ~[spring-data-commons-2.7.2.jar:2.7.2]
	at org.springframework.data.repository.core.support.RepositoryMethodInvoker.invoke(RepositoryMethodInvoker.java:121) ~[spring-data-commons-2.7.2.jar:2.7.2]
	at org.springframework.data.repository.core.support.QueryExecutorMethodInterceptor.doInvoke(QueryExecutorMethodInterceptor.java:160) ~[spring-data-commons-2.7.2.jar:2.7.2]
	at org.springframework.data.repository.core.support.QueryExecutorMethodInterceptor.invoke(QueryExecutorMethodInterceptor.java:139) ~[spring-data-commons-2.7.2.jar:2.7.2]
	at org.springframework.aop.framework.ReflectiveMethodInvocation.proceed(ReflectiveMethodInvocation.java:186) ~[spring-aop-5.3.22.jar:5.3.22]
	at org.springframework.data.projection.DefaultMethodInvokingMethodInterceptor.invoke(DefaultMethodInvokingMethodInterceptor.java:81) ~[spring-data-commons-2.7.2.jar:2.7.2]
	at org.springframework.aop.framework.ReflectiveMethodInvocation.proceed(ReflectiveMethodInvocation.java:186) ~[spring-aop-5.3.22.jar:5.3.22]
	at org.springframework.transaction.interceptor.TransactionInterceptor$1.proceedWithInvocation(TransactionInterceptor.java:123) ~[spring-tx-5.3.22.jar:5.3.22]
	at org.springframework.transaction.interceptor.TransactionAspectSupport.invokeWithinTransaction(TransactionAspectSupport.java:388) ~[spring-tx-5.3.22.jar:5.3.22]
	at org.springframework.transaction.interceptor.TransactionInterceptor.invoke(TransactionInterceptor.java:119) ~[spring-tx-5.3.22.jar:5.3.22]
	at org.springframework.aop.framework.ReflectiveMethodInvocation.proceed(ReflectiveMethodInvocation.java:186) ~[spring-aop-5.3.22.jar:5.3.22]
	at org.springframework.dao.support.PersistenceExceptionTranslationInterceptor.invoke(PersistenceExceptionTranslationInterceptor.java:137) ~[spring-tx-5.3.22.jar:5.3.22]
	... 10 common frames omitted

2022-09-15 15:30:05.853  INFO 15968 --- [SpringApplicationShutdownHook] j.LocalContainerEntityManagerFactoryBean : Closing JPA EntityManagerFactory for persistence unit 'default'
2022-09-15 15:30:05.858  INFO 15968 --- [SpringApplicationShutdownHook] com.zaxxer.hikari.HikariDataSource       : HikariPool-1 - Shutdown initiated...
2022-09-15 15:30:05.871  INFO 15968 --- [SpringApplicationShutdownHook] com.zaxxer.hikari.HikariDataSource       : HikariPool-1 - Shutdown completed.
2022-09-15 15:37:35.323  INFO 12736 --- [main] ru.katkova.egannouncerbot.Application    : Starting Application using Java 11.0.15 on WIN-901V0CDECDT with PID 12736 (C:\Data\JavaProjects\EGAnnouncer\target\classes started by user in C:\Data\JavaProjects\EGAnnouncer)
2022-09-15 15:37:35.327 DEBUG 12736 --- [main] ru.katkova.egannouncerbot.Application    : Running with Spring Boot v2.6.10, Spring v5.3.22
2022-09-15 15:37:35.328  INFO 12736 --- [main] ru.katkova.egannouncerbot.Application    : No active profile set, falling back to 1 default profile: "default"
2022-09-15 15:37:35.990  INFO 12736 --- [main] .s.d.r.c.RepositoryConfigurationDelegate : Bootstrapping Spring Data JPA repositories in DEFAULT mode.
2022-09-15 15:37:36.054  INFO 12736 --- [main] .s.d.r.c.RepositoryConfigurationDelegate : Finished Spring Data repository scanning in 51 ms. Found 2 JPA repository interfaces.
2022-09-15 15:37:36.617  INFO 12736 --- [main] o.s.b.w.embedded.tomcat.TomcatWebServer  : Tomcat initialized with port(s): 8080 (http)
2022-09-15 15:37:36.626  INFO 12736 --- [main] o.apache.catalina.core.StandardService   : Starting service [Tomcat]
2022-09-15 15:37:36.627  INFO 12736 --- [main] org.apache.catalina.core.StandardEngine  : Starting Servlet engine: [Apache Tomcat/9.0.65]
2022-09-15 15:37:36.761  INFO 12736 --- [main] o.a.c.c.C.[Tomcat].[localhost].[/]       : Initializing Spring embedded WebApplicationContext
2022-09-15 15:37:36.761  INFO 12736 --- [main] w.s.c.ServletWebServerApplicationContext : Root WebApplicationContext: initialization completed in 1370 ms
2022-09-15 15:37:36.915  INFO 12736 --- [main] o.f.c.internal.license.VersionPrinter    : Flyway Community Edition 5.2.4 by Boxfuse
2022-09-15 15:37:36.918  INFO 12736 --- [main] com.zaxxer.hikari.HikariDataSource       : HikariPool-1 - Starting...
2022-09-15 15:37:37.083  INFO 12736 --- [main] com.zaxxer.hikari.HikariDataSource       : HikariPool-1 - Start completed.
2022-09-15 15:37:37.091  INFO 12736 --- [main] o.f.c.internal.database.DatabaseFactory  : Database: jdbc:postgresql://localhost:5432/test (PostgreSQL 14.5)
2022-09-15 15:37:37.098  WARN 12736 --- [main] o.f.c.internal.database.base.Database    : Flyway upgrade recommended: PostgreSQL 14.5 is newer than this version of Flyway and support has not been tested.
2022-09-15 15:37:37.149  INFO 12736 --- [main] o.f.core.internal.command.DbValidate     : Successfully validated 2 migrations (execution time 00:00.025s)
2022-09-15 15:37:37.162  INFO 12736 --- [main] o.f.core.internal.command.DbMigrate      : Current version of schema "public": 2
2022-09-15 15:37:37.163  INFO 12736 --- [main] o.f.core.internal.command.DbMigrate      : Schema "public" is up to date. No migration necessary.
2022-09-15 15:37:37.295  INFO 12736 --- [main] o.hibernate.jpa.internal.util.LogHelper  : HHH000204: Processing PersistenceUnitInfo [name: default]
2022-09-15 15:37:37.381  INFO 12736 --- [main] org.hibernate.Version                    : HHH000412: Hibernate ORM core version 5.6.10.Final
2022-09-15 15:37:37.557  INFO 12736 --- [main] o.hibernate.annotations.common.Version   : HCANN000001: Hibernate Commons Annotations {5.1.2.Final}
2022-09-15 15:37:37.704  INFO 12736 --- [main] org.hibernate.dialect.Dialect            : HHH000400: Using dialect: org.hibernate.dialect.PostgreSQL10Dialect
2022-09-15 15:37:38.233  INFO 12736 --- [main] o.h.e.t.j.p.i.JtaPlatformInitiator       : HHH000490: Using JtaPlatform implementation: [org.hibernate.engine.transaction.jta.platform.internal.NoJtaPlatform]
2022-09-15 15:37:38.244  INFO 12736 --- [main] j.LocalContainerEntityManagerFactoryBean : Initialized JPA EntityManagerFactory for persistence unit 'default'
2022-09-15 15:37:38.899  WARN 12736 --- [main] JpaBaseConfiguration$JpaWebConfiguration : spring.jpa.open-in-view is enabled by default. Therefore, database queries may be performed during view rendering. Explicitly configure spring.jpa.open-in-view to disable this warning
2022-09-15 15:37:39.225  INFO 12736 --- [main] o.s.b.w.embedded.tomcat.TomcatWebServer  : Tomcat started on port(s): 8080 (http) with context path ''
2022-09-15 15:37:39.241  INFO 12736 --- [main] ru.katkova.egannouncerbot.Application    : Started Application in 4.381 seconds (JVM running for 5.448)
2022-09-15 15:38:29.505  INFO 12736 --- [SpringApplicationShutdownHook] j.LocalContainerEntityManagerFactoryBean : Closing JPA EntityManagerFactory for persistence unit 'default'
2022-09-15 15:38:29.510  INFO 12736 --- [SpringApplicationShutdownHook] com.zaxxer.hikari.HikariDataSource       : HikariPool-1 - Shutdown initiated...
2022-09-15 15:38:29.542  INFO 12736 --- [SpringApplicationShutdownHook] com.zaxxer.hikari.HikariDataSource       : HikariPool-1 - Shutdown completed.
2022-09-15 17:24:27.227  INFO 11968 --- [main] ru.katkova.egannouncerbot.Application    : Starting Application using Java 11.0.15 on WIN-901V0CDECDT with PID 11968 (C:\Data\JavaProjects\EGAnnouncer\target\classes started by user in C:\Data\JavaProjects\EGAnnouncer)
2022-09-15 17:24:27.230 DEBUG 11968 --- [main] ru.katkova.egannouncerbot.Application    : Running with Spring Boot v2.6.10, Spring v5.3.22
2022-09-15 17:24:27.231  INFO 11968 --- [main] ru.katkova.egannouncerbot.Application    : No active profile set, falling back to 1 default profile: "default"
2022-09-15 17:24:28.038  INFO 11968 --- [main] .s.d.r.c.RepositoryConfigurationDelegate : Bootstrapping Spring Data JPA repositories in DEFAULT mode.
2022-09-15 17:24:28.115  INFO 11968 --- [main] .s.d.r.c.RepositoryConfigurationDelegate : Finished Spring Data repository scanning in 64 ms. Found 2 JPA repository interfaces.
2022-09-15 17:24:28.753  INFO 11968 --- [main] o.s.b.w.embedded.tomcat.TomcatWebServer  : Tomcat initialized with port(s): 8080 (http)
2022-09-15 17:24:28.767  INFO 11968 --- [main] o.apache.catalina.core.StandardService   : Starting service [Tomcat]
2022-09-15 17:24:28.767  INFO 11968 --- [main] org.apache.catalina.core.StandardEngine  : Starting Servlet engine: [Apache Tomcat/9.0.65]
2022-09-15 17:24:28.919  INFO 11968 --- [main] o.a.c.c.C.[Tomcat].[localhost].[/]       : Initializing Spring embedded WebApplicationContext
2022-09-15 17:24:28.919  INFO 11968 --- [main] w.s.c.ServletWebServerApplicationContext : Root WebApplicationContext: initialization completed in 1632 ms
2022-09-15 17:24:29.088  INFO 11968 --- [main] o.f.c.internal.license.VersionPrinter    : Flyway Community Edition 5.2.4 by Boxfuse
2022-09-15 17:24:29.091  INFO 11968 --- [main] com.zaxxer.hikari.HikariDataSource       : HikariPool-1 - Starting...
2022-09-15 17:24:29.280  INFO 11968 --- [main] com.zaxxer.hikari.HikariDataSource       : HikariPool-1 - Start completed.
2022-09-15 17:24:29.289  INFO 11968 --- [main] o.f.c.internal.database.DatabaseFactory  : Database: jdbc:postgresql://localhost:5432/test (PostgreSQL 14.5)
2022-09-15 17:24:29.297  WARN 11968 --- [main] o.f.c.internal.database.base.Database    : Flyway upgrade recommended: PostgreSQL 14.5 is newer than this version of Flyway and support has not been tested.
2022-09-15 17:24:29.363  INFO 11968 --- [main] o.f.core.internal.command.DbValidate     : Successfully validated 2 migrations (execution time 00:00.032s)
2022-09-15 17:24:29.372  INFO 11968 --- [main] o.f.core.internal.command.DbMigrate      : Current version of schema "public": 2
2022-09-15 17:24:29.374  INFO 11968 --- [main] o.f.core.internal.command.DbMigrate      : Schema "public" is up to date. No migration necessary.
2022-09-15 17:24:29.524  INFO 11968 --- [main] o.hibernate.jpa.internal.util.LogHelper  : HHH000204: Processing PersistenceUnitInfo [name: default]
2022-09-15 17:24:29.629  INFO 11968 --- [main] org.hibernate.Version                    : HHH000412: Hibernate ORM core version 5.6.10.Final
2022-09-15 17:24:29.853  INFO 11968 --- [main] o.hibernate.annotations.common.Version   : HCANN000001: Hibernate Commons Annotations {5.1.2.Final}
2022-09-15 17:24:30.018  INFO 11968 --- [main] org.hibernate.dialect.Dialect            : HHH000400: Using dialect: org.hibernate.dialect.PostgreSQL10Dialect
2022-09-15 17:24:30.626  INFO 11968 --- [main] o.h.e.t.j.p.i.JtaPlatformInitiator       : HHH000490: Using JtaPlatform implementation: [org.hibernate.engine.transaction.jta.platform.internal.NoJtaPlatform]
2022-09-15 17:24:30.639  INFO 11968 --- [main] j.LocalContainerEntityManagerFactoryBean : Initialized JPA EntityManagerFactory for persistence unit 'default'
2022-09-15 17:24:31.415  WARN 11968 --- [main] ConfigServletWebServerApplicationContext : Exception encountered during context initialization - cancelling refresh attempt: org.springframework.beans.factory.UnsatisfiedDependencyException: Error creating bean with name 'bot': Unsatisfied dependency expressed through field 'promotionService'; nested exception is org.springframework.beans.factory.UnsatisfiedDependencyException: Error creating bean with name 'promotionService': Unsatisfied dependency expressed through field 'promotionRepository'; nested exception is org.springframework.beans.factory.BeanCreationException: Error creating bean with name 'promotionRepository' defined in ru.katkova.egannouncerbot.repository.PromotionRepository defined in @EnableJpaRepositories declared on JpaRepositoriesRegistrar.EnableJpaRepositoriesConfiguration: Invocation of init method failed; nested exception is org.springframework.data.repository.query.QueryCreationException: Could not create query for public abstract java.util.List ru.katkova.egannouncerbot.repository.PromotionRepository.findByStartDateBeforeAndEndDateAfter(java.util.Date); Reason: Failed to create query for method public abstract java.util.List ru.katkova.egannouncerbot.repository.PromotionRepository.findByStartDateBeforeAndEndDateAfter(java.util.Date)! Method public abstract java.util.List ru.katkova.egannouncerbot.repository.PromotionRepository.findByStartDateBeforeAndEndDateAfter(java.util.Date) expects at least 2 arguments but only found 1. This leaves an operator of type AFTER for property endDate unbound.; nested exception is java.lang.IllegalArgumentException: Failed to create query for method public abstract java.util.List ru.katkova.egannouncerbot.repository.PromotionRepository.findByStartDateBeforeAndEndDateAfter(java.util.Date)! Method public abstract java.util.List ru.katkova.egannouncerbot.repository.PromotionRepository.findByStartDateBeforeAndEndDateAfter(java.util.Date) expects at least 2 arguments but only found 1. This leaves an operator of type AFTER for property endDate unbound.
2022-09-15 17:24:31.416  INFO 11968 --- [main] j.LocalContainerEntityManagerFactoryBean : Closing JPA EntityManagerFactory for persistence unit 'default'
2022-09-15 17:24:31.420  INFO 11968 --- [main] com.zaxxer.hikari.HikariDataSource       : HikariPool-1 - Shutdown initiated...
2022-09-15 17:24:31.429  INFO 11968 --- [main] com.zaxxer.hikari.HikariDataSource       : HikariPool-1 - Shutdown completed.
2022-09-15 17:24:31.432  INFO 11968 --- [main] o.apache.catalina.core.StandardService   : Stopping service [Tomcat]
2022-09-15 17:24:31.444  INFO 11968 --- [main] ConditionEvaluationReportLoggingListener : 

Error starting ApplicationContext. To display the conditions report re-run your application with 'debug' enabled.
2022-09-15 17:24:31.471 ERROR 11968 --- [main] o.s.boot.SpringApplication               : Application run failed

org.springframework.beans.factory.UnsatisfiedDependencyException: Error creating bean with name 'bot': Unsatisfied dependency expressed through field 'promotionService'; nested exception is org.springframework.beans.factory.UnsatisfiedDependencyException: Error creating bean with name 'promotionService': Unsatisfied dependency expressed through field 'promotionRepository'; nested exception is org.springframework.beans.factory.BeanCreationException: Error creating bean with name 'promotionRepository' defined in ru.katkova.egannouncerbot.repository.PromotionRepository defined in @EnableJpaRepositories declared on JpaRepositoriesRegistrar.EnableJpaRepositoriesConfiguration: Invocation of init method failed; nested exception is org.springframework.data.repository.query.QueryCreationException: Could not create query for public abstract java.util.List ru.katkova.egannouncerbot.repository.PromotionRepository.findByStartDateBeforeAndEndDateAfter(java.util.Date); Reason: Failed to create query for method public abstract java.util.List ru.katkova.egannouncerbot.repository.PromotionRepository.findByStartDateBeforeAndEndDateAfter(java.util.Date)! Method public abstract java.util.List ru.katkova.egannouncerbot.repository.PromotionRepository.findByStartDateBeforeAndEndDateAfter(java.util.Date) expects at least 2 arguments but only found 1. This leaves an operator of type AFTER for property endDate unbound.; nested exception is java.lang.IllegalArgumentException: Failed to create query for method public abstract java.util.List ru.katkova.egannouncerbot.repository.PromotionRepository.findByStartDateBeforeAndEndDateAfter(java.util.Date)! Method public abstract java.util.List ru.katkova.egannouncerbot.repository.PromotionRepository.findByStartDateBeforeAndEndDateAfter(java.util.Date) expects at least 2 arguments but only found 1. This leaves an operator of type AFTER for property endDate unbound.
	at org.springframework.beans.factory.annotation.AutowiredAnnotationBeanPostProcessor$AutowiredFieldElement.resolveFieldValue(AutowiredAnnotationBeanPostProcessor.java:659) ~[spring-beans-5.3.22.jar:5.3.22]
	at org.springframework.beans.factory.annotation.AutowiredAnnotationBeanPostProcessor$AutowiredFieldElement.inject(AutowiredAnnotationBeanPostProcessor.java:639) ~[spring-beans-5.3.22.jar:5.3.22]
	at org.springframework.beans.factory.annotation.InjectionMetadata.inject(InjectionMetadata.java:119) ~[spring-beans-5.3.22.jar:5.3.22]
	at org.springframework.beans.factory.annotation.AutowiredAnnotationBeanPostProcessor.postProcessProperties(AutowiredAnnotationBeanPostProcessor.java:399) ~[spring-beans-5.3.22.jar:5.3.22]
	at org.springframework.beans.factory.support.AbstractAutowireCapableBeanFactory.populateBean(AbstractAutowireCapableBeanFactory.java:1431) ~[spring-beans-5.3.22.jar:5.3.22]
	at org.springframework.beans.factory.support.AbstractAutowireCapableBeanFactory.doCreateBean(AbstractAutowireCapableBeanFactory.java:619) ~[spring-beans-5.3.22.jar:5.3.22]
	at org.springframework.beans.factory.support.AbstractAutowireCapableBeanFactory.createBean(AbstractAutowireCapableBeanFactory.java:542) ~[spring-beans-5.3.22.jar:5.3.22]
	at org.springframework.beans.factory.support.AbstractBeanFactory.lambda$doGetBean$0(AbstractBeanFactory.java:335) ~[spring-beans-5.3.22.jar:5.3.22]
	at org.springframework.beans.factory.support.DefaultSingletonBeanRegistry.getSingleton(DefaultSingletonBeanRegistry.java:234) ~[spring-beans-5.3.22.jar:5.3.22]
	at org.springframework.beans.factory.support.AbstractBeanFactory.doGetBean(AbstractBeanFactory.java:333) ~[spring-beans-5.3.22.jar:5.3.22]
	at org.springframework.beans.factory.support.AbstractBeanFactory.getBean(AbstractBeanFactory.java:208) ~[spring-beans-5.3.22.jar:5.3.22]
	at org.springframework.beans.factory.support.DefaultListableBeanFactory.preInstantiateSingletons(DefaultListableBeanFactory.java:955) ~[spring-beans-5.3.22.jar:5.3.22]
	at org.springframework.context.support.AbstractApplicationContext.finishBeanFactoryInitialization(AbstractApplicationContext.java:918) ~[spring-context-5.3.22.jar:5.3.22]
	at org.springframework.context.support.AbstractApplicationContext.refresh(AbstractApplicationContext.java:583) ~[spring-context-5.3.22.jar:5.3.22]
	at org.springframework.boot.web.servlet.context.ServletWebServerApplicationContext.refresh(ServletWebServerApplicationContext.java:145) ~[spring-boot-2.6.10.jar:2.6.10]
	at org.springframework.boot.SpringApplication.refresh(SpringApplication.java:745) ~[spring-boot-2.6.10.jar:2.6.10]
	at org.springframework.boot.SpringApplication.refreshContext(SpringApplication.java:420) ~[spring-boot-2.6.10.jar:2.6.10]
	at org.springframework.boot.SpringApplication.run(SpringApplication.java:307) ~[spring-boot-2.6.10.jar:2.6.10]
	at org.springframework.boot.SpringApplication.run(SpringApplication.java:1317) ~[spring-boot-2.6.10.jar:2.6.10]
	at org.springframework.boot.SpringApplication.run(SpringApplication.java:1306) ~[spring-boot-2.6.10.jar:2.6.10]
	at ru.katkova.egannouncerbot.Application.main(Application.java:20) ~[classes/:na]
Caused by: org.springframework.beans.factory.UnsatisfiedDependencyException: Error creating bean with name 'promotionService': Unsatisfied dependency expressed through field 'promotionRepository'; nested exception is org.springframework.beans.factory.BeanCreationException: Error creating bean with name 'promotionRepository' defined in ru.katkova.egannouncerbot.repository.PromotionRepository defined in @EnableJpaRepositories declared on JpaRepositoriesRegistrar.EnableJpaRepositoriesConfiguration: Invocation of init method failed; nested exception is org.springframework.data.repository.query.QueryCreationException: Could not create query for public abstract java.util.List ru.katkova.egannouncerbot.repository.PromotionRepository.findByStartDateBeforeAndEndDateAfter(java.util.Date); Reason: Failed to create query for method public abstract java.util.List ru.katkova.egannouncerbot.repository.PromotionRepository.findByStartDateBeforeAndEndDateAfter(java.util.Date)! Method public abstract java.util.List ru.katkova.egannouncerbot.repository.PromotionRepository.findByStartDateBeforeAndEndDateAfter(java.util.Date) expects at least 2 arguments but only found 1. This leaves an operator of type AFTER for property endDate unbound.; nested exception is java.lang.IllegalArgumentException: Failed to create query for method public abstract java.util.List ru.katkova.egannouncerbot.repository.PromotionRepository.findByStartDateBeforeAndEndDateAfter(java.util.Date)! Method public abstract java.util.List ru.katkova.egannouncerbot.repository.PromotionRepository.findByStartDateBeforeAndEndDateAfter(java.util.Date) expects at least 2 arguments but only found 1. This leaves an operator of type AFTER for property endDate unbound.
	at org.springframework.beans.factory.annotation.AutowiredAnnotationBeanPostProcessor$AutowiredFieldElement.resolveFieldValue(AutowiredAnnotationBeanPostProcessor.java:659) ~[spring-beans-5.3.22.jar:5.3.22]
	at org.springframework.beans.factory.annotation.AutowiredAnnotationBeanPostProcessor$AutowiredFieldElement.inject(AutowiredAnnotationBeanPostProcessor.java:639) ~[spring-beans-5.3.22.jar:5.3.22]
	at org.springframework.beans.factory.annotation.InjectionMetadata.inject(InjectionMetadata.java:119) ~[spring-beans-5.3.22.jar:5.3.22]
	at org.springframework.beans.factory.annotation.AutowiredAnnotationBeanPostProcessor.postProcessProperties(AutowiredAnnotationBeanPostProcessor.java:399) ~[spring-beans-5.3.22.jar:5.3.22]
	at org.springframework.beans.factory.support.AbstractAutowireCapableBeanFactory.populateBean(AbstractAutowireCapableBeanFactory.java:1431) ~[spring-beans-5.3.22.jar:5.3.22]
	at org.springframework.beans.factory.support.AbstractAutowireCapableBeanFactory.doCreateBean(AbstractAutowireCapableBeanFactory.java:619) ~[spring-beans-5.3.22.jar:5.3.22]
	at org.springframework.beans.factory.support.AbstractAutowireCapableBeanFactory.createBean(AbstractAutowireCapableBeanFactory.java:542) ~[spring-beans-5.3.22.jar:5.3.22]
	at org.springframework.beans.factory.support.AbstractBeanFactory.lambda$doGetBean$0(AbstractBeanFactory.java:335) ~[spring-beans-5.3.22.jar:5.3.22]
	at org.springframework.beans.factory.support.DefaultSingletonBeanRegistry.getSingleton(DefaultSingletonBeanRegistry.java:234) ~[spring-beans-5.3.22.jar:5.3.22]
	at org.springframework.beans.factory.support.AbstractBeanFactory.doGetBean(AbstractBeanFactory.java:333) ~[spring-beans-5.3.22.jar:5.3.22]
	at org.springframework.beans.factory.support.AbstractBeanFactory.getBean(AbstractBeanFactory.java:208) ~[spring-beans-5.3.22.jar:5.3.22]
	at org.springframework.beans.factory.config.DependencyDescriptor.resolveCandidate(DependencyDescriptor.java:276) ~[spring-beans-5.3.22.jar:5.3.22]
	at org.springframework.beans.factory.support.DefaultListableBeanFactory.doResolveDependency(DefaultListableBeanFactory.java:1391) ~[spring-beans-5.3.22.jar:5.3.22]
	at org.springframework.beans.factory.support.DefaultListableBeanFactory.resolveDependency(DefaultListableBeanFactory.java:1311) ~[spring-beans-5.3.22.jar:5.3.22]
	at org.springframework.beans.factory.annotation.AutowiredAnnotationBeanPostProcessor$AutowiredFieldElement.resolveFieldValue(AutowiredAnnotationBeanPostProcessor.java:656) ~[spring-beans-5.3.22.jar:5.3.22]
	... 20 common frames omitted
Caused by: org.springframework.beans.factory.BeanCreationException: Error creating bean with name 'promotionRepository' defined in ru.katkova.egannouncerbot.repository.PromotionRepository defined in @EnableJpaRepositories declared on JpaRepositoriesRegistrar.EnableJpaRepositoriesConfiguration: Invocation of init method failed; nested exception is org.springframework.data.repository.query.QueryCreationException: Could not create query for public abstract java.util.List ru.katkova.egannouncerbot.repository.PromotionRepository.findByStartDateBeforeAndEndDateAfter(java.util.Date); Reason: Failed to create query for method public abstract java.util.List ru.katkova.egannouncerbot.repository.PromotionRepository.findByStartDateBeforeAndEndDateAfter(java.util.Date)! Method public abstract java.util.List ru.katkova.egannouncerbot.repository.PromotionRepository.findByStartDateBeforeAndEndDateAfter(java.util.Date) expects at least 2 arguments but only found 1. This leaves an operator of type AFTER for property endDate unbound.; nested exception is java.lang.IllegalArgumentException: Failed to create query for method public abstract java.util.List ru.katkova.egannouncerbot.repository.PromotionRepository.findByStartDateBeforeAndEndDateAfter(java.util.Date)! Method public abstract java.util.List ru.katkova.egannouncerbot.repository.PromotionRepository.findByStartDateBeforeAndEndDateAfter(java.util.Date) expects at least 2 arguments but only found 1. This leaves an operator of type AFTER for property endDate unbound.
	at org.springframework.beans.factory.support.AbstractAutowireCapableBeanFactory.initializeBean(AbstractAutowireCapableBeanFactory.java:1804) ~[spring-beans-5.3.22.jar:5.3.22]
	at org.springframework.beans.factory.support.AbstractAutowireCapableBeanFactory.doCreateBean(AbstractAutowireCapableBeanFactory.java:620) ~[spring-beans-5.3.22.jar:5.3.22]
	at org.springframework.beans.factory.support.AbstractAutowireCapableBeanFactory.createBean(AbstractAutowireCapableBeanFactory.java:542) ~[spring-beans-5.3.22.jar:5.3.22]
	at org.springframework.beans.factory.support.AbstractBeanFactory.lambda$doGetBean$0(AbstractBeanFactory.java:335) ~[spring-beans-5.3.22.jar:5.3.22]
	at org.springframework.beans.factory.support.DefaultSingletonBeanRegistry.getSingleton(DefaultSingletonBeanRegistry.java:234) ~[spring-beans-5.3.22.jar:5.3.22]
	at org.springframework.beans.factory.support.AbstractBeanFactory.doGetBean(AbstractBeanFactory.java:333) ~[spring-beans-5.3.22.jar:5.3.22]
	at org.springframework.beans.factory.support.AbstractBeanFactory.getBean(AbstractBeanFactory.java:208) ~[spring-beans-5.3.22.jar:5.3.22]
	at org.springframework.beans.factory.config.DependencyDescriptor.resolveCandidate(DependencyDescriptor.java:276) ~[spring-beans-5.3.22.jar:5.3.22]
	at org.springframework.beans.factory.support.DefaultListableBeanFactory.doResolveDependency(DefaultListableBeanFactory.java:1391) ~[spring-beans-5.3.22.jar:5.3.22]
	at org.springframework.beans.factory.support.DefaultListableBeanFactory.resolveDependency(DefaultListableBeanFactory.java:1311) ~[spring-beans-5.3.22.jar:5.3.22]
	at org.springframework.beans.factory.annotation.AutowiredAnnotationBeanPostProcessor$AutowiredFieldElement.resolveFieldValue(AutowiredAnnotationBeanPostProcessor.java:656) ~[spring-beans-5.3.22.jar:5.3.22]
	... 34 common frames omitted
Caused by: org.springframework.data.repository.query.QueryCreationException: Could not create query for public abstract java.util.List ru.katkova.egannouncerbot.repository.PromotionRepository.findByStartDateBeforeAndEndDateAfter(java.util.Date); Reason: Failed to create query for method public abstract java.util.List ru.katkova.egannouncerbot.repository.PromotionRepository.findByStartDateBeforeAndEndDateAfter(java.util.Date)! Method public abstract java.util.List ru.katkova.egannouncerbot.repository.PromotionRepository.findByStartDateBeforeAndEndDateAfter(java.util.Date) expects at least 2 arguments but only found 1. This leaves an operator of type AFTER for property endDate unbound.; nested exception is java.lang.IllegalArgumentException: Failed to create query for method public abstract java.util.List ru.katkova.egannouncerbot.repository.PromotionRepository.findByStartDateBeforeAndEndDateAfter(java.util.Date)! Method public abstract java.util.List ru.katkova.egannouncerbot.repository.PromotionRepository.findByStartDateBeforeAndEndDateAfter(java.util.Date) expects at least 2 arguments but only found 1. This leaves an operator of type AFTER for property endDate unbound.
	at org.springframework.data.repository.query.QueryCreationException.create(QueryCreationException.java:101) ~[spring-data-commons-2.7.2.jar:2.7.2]
	at org.springframework.data.repository.core.support.QueryExecutorMethodInterceptor.lookupQuery(QueryExecutorMethodInterceptor.java:107) ~[spring-data-commons-2.7.2.jar:2.7.2]
	at org.springframework.data.repository.core.support.QueryExecutorMethodInterceptor.lambda$mapMethodsToQuery$1(QueryExecutorMethodInterceptor.java:95) ~[spring-data-commons-2.7.2.jar:2.7.2]
	at java.base/java.util.stream.ReferencePipeline$3$1.accept(ReferencePipeline.java:195) ~[na:na]
	at java.base/java.util.Iterator.forEachRemaining(Iterator.java:133) ~[na:na]
	at java.base/java.util.Collections$UnmodifiableCollection$1.forEachRemaining(Collections.java:1054) ~[na:na]
	at java.base/java.util.Spliterators$IteratorSpliterator.forEachRemaining(Spliterators.java:1801) ~[na:na]
	at java.base/java.util.stream.AbstractPipeline.copyInto(AbstractPipeline.java:484) ~[na:na]
	at java.base/java.util.stream.AbstractPipeline.wrapAndCopyInto(AbstractPipeline.java:474) ~[na:na]
	at java.base/java.util.stream.ReduceOps$ReduceOp.evaluateSequential(ReduceOps.java:913) ~[na:na]
	at java.base/java.util.stream.AbstractPipeline.evaluate(AbstractPipeline.java:234) ~[na:na]
	at java.base/java.util.stream.ReferencePipeline.collect(ReferencePipeline.java:578) ~[na:na]
	at org.springframework.data.repository.core.support.QueryExecutorMethodInterceptor.mapMethodsToQuery(QueryExecutorMethodInterceptor.java:97) ~[spring-data-commons-2.7.2.jar:2.7.2]
	at org.springframework.data.repository.core.support.QueryExecutorMethodInterceptor.lambda$new$0(QueryExecutorMethodInterceptor.java:87) ~[spring-data-commons-2.7.2.jar:2.7.2]
	at java.base/java.util.Optional.map(Optional.java:265) ~[na:na]
	at org.springframework.data.repository.core.support.QueryExecutorMethodInterceptor.<init>(QueryExecutorMethodInterceptor.java:87) ~[spring-data-commons-2.7.2.jar:2.7.2]
	at org.springframework.data.repository.core.support.RepositoryFactorySupport.getRepository(RepositoryFactorySupport.java:365) ~[spring-data-commons-2.7.2.jar:2.7.2]
	at org.springframework.data.repository.core.support.RepositoryFactoryBeanSupport.lambda$afterPropertiesSet$5(RepositoryFactoryBeanSupport.java:323) ~[spring-data-commons-2.7.2.jar:2.7.2]
	at org.springframework.data.util.Lazy.getNullable(Lazy.java:231) ~[spring-data-commons-2.7.2.jar:2.7.2]
	at org.springframework.data.util.Lazy.get(Lazy.java:115) ~[spring-data-commons-2.7.2.jar:2.7.2]
	at org.springframework.data.repository.core.support.RepositoryFactoryBeanSupport.afterPropertiesSet(RepositoryFactoryBeanSupport.java:329) ~[spring-data-commons-2.7.2.jar:2.7.2]
	at org.springframework.data.jpa.repository.support.JpaRepositoryFactoryBean.afterPropertiesSet(JpaRepositoryFactoryBean.java:144) ~[spring-data-jpa-2.7.2.jar:2.7.2]
	at org.springframework.beans.factory.support.AbstractAutowireCapableBeanFactory.invokeInitMethods(AbstractAutowireCapableBeanFactory.java:1863) ~[spring-beans-5.3.22.jar:5.3.22]
	at org.springframework.beans.factory.support.AbstractAutowireCapableBeanFactory.initializeBean(AbstractAutowireCapableBeanFactory.java:1800) ~[spring-beans-5.3.22.jar:5.3.22]
	... 44 common frames omitted
Caused by: java.lang.IllegalArgumentException: Failed to create query for method public abstract java.util.List ru.katkova.egannouncerbot.repository.PromotionRepository.findByStartDateBeforeAndEndDateAfter(java.util.Date)! Method public abstract java.util.List ru.katkova.egannouncerbot.repository.PromotionRepository.findByStartDateBeforeAndEndDateAfter(java.util.Date) expects at least 2 arguments but only found 1. This leaves an operator of type AFTER for property endDate unbound.
	at org.springframework.data.jpa.repository.query.PartTreeJpaQuery.<init>(PartTreeJpaQuery.java:96) ~[spring-data-jpa-2.7.2.jar:2.7.2]
	at org.springframework.data.jpa.repository.query.JpaQueryLookupStrategy$CreateQueryLookupStrategy.resolveQuery(JpaQueryLookupStrategy.java:119) ~[spring-data-jpa-2.7.2.jar:2.7.2]
	at org.springframework.data.jpa.repository.query.JpaQueryLookupStrategy$CreateIfNotFoundQueryLookupStrategy.resolveQuery(JpaQueryLookupStrategy.java:259) ~[spring-data-jpa-2.7.2.jar:2.7.2]
	at org.springframework.data.jpa.repository.query.JpaQueryLookupStrategy$AbstractQueryLookupStrategy.resolveQuery(JpaQueryLookupStrategy.java:93) ~[spring-data-jpa-2.7.2.jar:2.7.2]
	at org.springframework.data.repository.core.support.QueryExecutorMethodInterceptor.lookupQuery(QueryExecutorMethodInterceptor.java:103) ~[spring-data-commons-2.7.2.jar:2.7.2]
	... 66 common frames omitted
Caused by: java.lang.IllegalStateException: Method public abstract java.util.List ru.katkova.egannouncerbot.repository.PromotionRepository.findByStartDateBeforeAndEndDateAfter(java.util.Date) expects at least 2 arguments but only found 1. This leaves an operator of type AFTER for property endDate unbound.
	at org.springframework.data.jpa.repository.query.PartTreeJpaQuery.throwExceptionOnArgumentMismatch(PartTreeJpaQuery.java:161) ~[spring-data-jpa-2.7.2.jar:2.7.2]
	at org.springframework.data.jpa.repository.query.PartTreeJpaQuery.validate(PartTreeJpaQuery.java:147) ~[spring-data-jpa-2.7.2.jar:2.7.2]
	at org.springframework.data.jpa.repository.query.PartTreeJpaQuery.<init>(PartTreeJpaQuery.java:90) ~[spring-data-jpa-2.7.2.jar:2.7.2]
	... 70 common frames omitted

2022-09-15 17:25:50.286  INFO 7336 --- [main] ru.katkova.egannouncerbot.Application    : Starting Application using Java 11.0.15 on WIN-901V0CDECDT with PID 7336 (C:\Data\JavaProjects\EGAnnouncer\target\classes started by user in C:\Data\JavaProjects\EGAnnouncer)
2022-09-15 17:25:50.290 DEBUG 7336 --- [main] ru.katkova.egannouncerbot.Application    : Running with Spring Boot v2.6.10, Spring v5.3.22
2022-09-15 17:25:50.291  INFO 7336 --- [main] ru.katkova.egannouncerbot.Application    : No active profile set, falling back to 1 default profile: "default"
2022-09-15 17:25:50.952  INFO 7336 --- [main] .s.d.r.c.RepositoryConfigurationDelegate : Bootstrapping Spring Data JPA repositories in DEFAULT mode.
2022-09-15 17:25:51.015  INFO 7336 --- [main] .s.d.r.c.RepositoryConfigurationDelegate : Finished Spring Data repository scanning in 51 ms. Found 2 JPA repository interfaces.
2022-09-15 17:25:51.574  INFO 7336 --- [main] o.s.b.w.embedded.tomcat.TomcatWebServer  : Tomcat initialized with port(s): 8080 (http)
2022-09-15 17:25:51.585  INFO 7336 --- [main] o.apache.catalina.core.StandardService   : Starting service [Tomcat]
2022-09-15 17:25:51.585  INFO 7336 --- [main] org.apache.catalina.core.StandardEngine  : Starting Servlet engine: [Apache Tomcat/9.0.65]
2022-09-15 17:25:51.703  INFO 7336 --- [main] o.a.c.c.C.[Tomcat].[localhost].[/]       : Initializing Spring embedded WebApplicationContext
2022-09-15 17:25:51.704  INFO 7336 --- [main] w.s.c.ServletWebServerApplicationContext : Root WebApplicationContext: initialization completed in 1362 ms
2022-09-15 17:25:51.871  INFO 7336 --- [main] o.f.c.internal.license.VersionPrinter    : Flyway Community Edition 5.2.4 by Boxfuse
2022-09-15 17:25:51.873  INFO 7336 --- [main] com.zaxxer.hikari.HikariDataSource       : HikariPool-1 - Starting...
2022-09-15 17:25:52.046  INFO 7336 --- [main] com.zaxxer.hikari.HikariDataSource       : HikariPool-1 - Start completed.
2022-09-15 17:25:52.054  INFO 7336 --- [main] o.f.c.internal.database.DatabaseFactory  : Database: jdbc:postgresql://localhost:5432/test (PostgreSQL 14.5)
2022-09-15 17:25:52.062  WARN 7336 --- [main] o.f.c.internal.database.base.Database    : Flyway upgrade recommended: PostgreSQL 14.5 is newer than this version of Flyway and support has not been tested.
2022-09-15 17:25:52.124  INFO 7336 --- [main] o.f.core.internal.command.DbValidate     : Successfully validated 2 migrations (execution time 00:00.027s)
2022-09-15 17:25:52.135  INFO 7336 --- [main] o.f.core.internal.command.DbMigrate      : Current version of schema "public": 2
2022-09-15 17:25:52.136  INFO 7336 --- [main] o.f.core.internal.command.DbMigrate      : Schema "public" is up to date. No migration necessary.
2022-09-15 17:25:52.256  INFO 7336 --- [main] o.hibernate.jpa.internal.util.LogHelper  : HHH000204: Processing PersistenceUnitInfo [name: default]
2022-09-15 17:25:52.320  INFO 7336 --- [main] org.hibernate.Version                    : HHH000412: Hibernate ORM core version 5.6.10.Final
2022-09-15 17:25:52.491  INFO 7336 --- [main] o.hibernate.annotations.common.Version   : HCANN000001: Hibernate Commons Annotations {5.1.2.Final}
2022-09-15 17:25:52.628  INFO 7336 --- [main] org.hibernate.dialect.Dialect            : HHH000400: Using dialect: org.hibernate.dialect.PostgreSQL10Dialect
2022-09-15 17:25:53.074  INFO 7336 --- [main] o.h.e.t.j.p.i.JtaPlatformInitiator       : HHH000490: Using JtaPlatform implementation: [org.hibernate.engine.transaction.jta.platform.internal.NoJtaPlatform]
2022-09-15 17:25:53.084  INFO 7336 --- [main] j.LocalContainerEntityManagerFactoryBean : Initialized JPA EntityManagerFactory for persistence unit 'default'
2022-09-15 17:25:53.735  WARN 7336 --- [main] JpaBaseConfiguration$JpaWebConfiguration : spring.jpa.open-in-view is enabled by default. Therefore, database queries may be performed during view rendering. Explicitly configure spring.jpa.open-in-view to disable this warning
2022-09-15 17:25:54.109  INFO 7336 --- [main] o.s.b.w.embedded.tomcat.TomcatWebServer  : Tomcat started on port(s): 8080 (http) with context path ''
2022-09-15 17:25:54.124  INFO 7336 --- [main] ru.katkova.egannouncerbot.Application    : Started Application in 4.34 seconds (JVM running for 5.495)
2022-09-15 17:26:43.214  INFO 7336 --- [SpringApplicationShutdownHook] j.LocalContainerEntityManagerFactoryBean : Closing JPA EntityManagerFactory for persistence unit 'default'
2022-09-15 17:26:43.218  INFO 7336 --- [SpringApplicationShutdownHook] com.zaxxer.hikari.HikariDataSource       : HikariPool-1 - Shutdown initiated...
2022-09-15 17:26:43.227  INFO 7336 --- [SpringApplicationShutdownHook] com.zaxxer.hikari.HikariDataSource       : HikariPool-1 - Shutdown completed.
2022-09-15 17:34:53.308  INFO 15708 --- [main] ru.katkova.egannouncerbot.Application    : Starting Application using Java 11.0.15 on WIN-901V0CDECDT with PID 15708 (C:\Data\JavaProjects\EGAnnouncer\target\classes started by user in C:\Data\JavaProjects\EGAnnouncer)
2022-09-15 17:34:53.311 DEBUG 15708 --- [main] ru.katkova.egannouncerbot.Application    : Running with Spring Boot v2.6.10, Spring v5.3.22
2022-09-15 17:34:53.312  INFO 15708 --- [main] ru.katkova.egannouncerbot.Application    : No active profile set, falling back to 1 default profile: "default"
2022-09-15 17:34:54.088  INFO 15708 --- [main] .s.d.r.c.RepositoryConfigurationDelegate : Bootstrapping Spring Data JPA repositories in DEFAULT mode.
2022-09-15 17:34:54.185  INFO 15708 --- [main] .s.d.r.c.RepositoryConfigurationDelegate : Finished Spring Data repository scanning in 70 ms. Found 2 JPA repository interfaces.
2022-09-15 17:34:54.836  INFO 15708 --- [main] o.s.b.w.embedded.tomcat.TomcatWebServer  : Tomcat initialized with port(s): 8080 (http)
2022-09-15 17:34:54.848  INFO 15708 --- [main] o.apache.catalina.core.StandardService   : Starting service [Tomcat]
2022-09-15 17:34:54.848  INFO 15708 --- [main] org.apache.catalina.core.StandardEngine  : Starting Servlet engine: [Apache Tomcat/9.0.65]
2022-09-15 17:34:54.994  INFO 15708 --- [main] o.a.c.c.C.[Tomcat].[localhost].[/]       : Initializing Spring embedded WebApplicationContext
2022-09-15 17:34:54.995  INFO 15708 --- [main] w.s.c.ServletWebServerApplicationContext : Root WebApplicationContext: initialization completed in 1623 ms
2022-09-15 17:34:55.176  INFO 15708 --- [main] o.f.c.internal.license.VersionPrinter    : Flyway Community Edition 5.2.4 by Boxfuse
2022-09-15 17:34:55.180  INFO 15708 --- [main] com.zaxxer.hikari.HikariDataSource       : HikariPool-1 - Starting...
2022-09-15 17:34:55.377  INFO 15708 --- [main] com.zaxxer.hikari.HikariDataSource       : HikariPool-1 - Start completed.
2022-09-15 17:34:55.386  INFO 15708 --- [main] o.f.c.internal.database.DatabaseFactory  : Database: jdbc:postgresql://localhost:5432/test (PostgreSQL 14.5)
2022-09-15 17:34:55.396  WARN 15708 --- [main] o.f.c.internal.database.base.Database    : Flyway upgrade recommended: PostgreSQL 14.5 is newer than this version of Flyway and support has not been tested.
2022-09-15 17:34:55.461  INFO 15708 --- [main] o.f.core.internal.command.DbValidate     : Successfully validated 3 migrations (execution time 00:00.030s)
2022-09-15 17:34:55.472  INFO 15708 --- [main] o.f.core.internal.command.DbMigrate      : Current version of schema "public": 2
2022-09-15 17:34:55.474  INFO 15708 --- [main] o.f.core.internal.command.DbMigrate      : Migrating schema "public" to version 3 - alterTablePromotion
2022-09-15 17:34:55.500  INFO 15708 --- [main] o.f.core.internal.command.DbMigrate      : Successfully applied 1 migration to schema "public" (execution time 00:00.033s)
2022-09-15 17:34:55.656  INFO 15708 --- [main] o.hibernate.jpa.internal.util.LogHelper  : HHH000204: Processing PersistenceUnitInfo [name: default]
2022-09-15 17:34:55.738  INFO 15708 --- [main] org.hibernate.Version                    : HHH000412: Hibernate ORM core version 5.6.10.Final
2022-09-15 17:34:55.955  INFO 15708 --- [main] o.hibernate.annotations.common.Version   : HCANN000001: Hibernate Commons Annotations {5.1.2.Final}
2022-09-15 17:34:56.105  INFO 15708 --- [main] org.hibernate.dialect.Dialect            : HHH000400: Using dialect: org.hibernate.dialect.PostgreSQL10Dialect
2022-09-15 17:34:56.718  INFO 15708 --- [main] o.h.e.t.j.p.i.JtaPlatformInitiator       : HHH000490: Using JtaPlatform implementation: [org.hibernate.engine.transaction.jta.platform.internal.NoJtaPlatform]
2022-09-15 17:34:56.729  INFO 15708 --- [main] j.LocalContainerEntityManagerFactoryBean : Initialized JPA EntityManagerFactory for persistence unit 'default'
2022-09-15 17:34:57.603  WARN 15708 --- [main] JpaBaseConfiguration$JpaWebConfiguration : spring.jpa.open-in-view is enabled by default. Therefore, database queries may be performed during view rendering. Explicitly configure spring.jpa.open-in-view to disable this warning
2022-09-15 17:34:58.019  INFO 15708 --- [main] o.s.b.w.embedded.tomcat.TomcatWebServer  : Tomcat started on port(s): 8080 (http) with context path ''
2022-09-15 17:34:58.037  INFO 15708 --- [main] ru.katkova.egannouncerbot.Application    : Started Application in 5.315 seconds (JVM running for 6.466)
2022-09-15 17:35:29.354  INFO 15708 --- [SpringApplicationShutdownHook] j.LocalContainerEntityManagerFactoryBean : Closing JPA EntityManagerFactory for persistence unit 'default'
2022-09-15 17:35:29.367  INFO 15708 --- [SpringApplicationShutdownHook] com.zaxxer.hikari.HikariDataSource       : HikariPool-1 - Shutdown initiated...
2022-09-15 17:35:29.377  INFO 15708 --- [SpringApplicationShutdownHook] com.zaxxer.hikari.HikariDataSource       : HikariPool-1 - Shutdown completed.
2022-09-15 17:39:10.978  INFO 14080 --- [main] ru.katkova.egannouncerbot.Application    : Starting Application using Java 11.0.15 on WIN-901V0CDECDT with PID 14080 (C:\Data\JavaProjects\EGAnnouncer\target\classes started by user in C:\Data\JavaProjects\EGAnnouncer)
2022-09-15 17:39:10.981 DEBUG 14080 --- [main] ru.katkova.egannouncerbot.Application    : Running with Spring Boot v2.6.10, Spring v5.3.22
2022-09-15 17:39:10.981  INFO 14080 --- [main] ru.katkova.egannouncerbot.Application    : No active profile set, falling back to 1 default profile: "default"
2022-09-15 17:39:11.664  INFO 14080 --- [main] .s.d.r.c.RepositoryConfigurationDelegate : Bootstrapping Spring Data JPA repositories in DEFAULT mode.
2022-09-15 17:39:11.727  INFO 14080 --- [main] .s.d.r.c.RepositoryConfigurationDelegate : Finished Spring Data repository scanning in 52 ms. Found 2 JPA repository interfaces.
2022-09-15 17:39:12.288  INFO 14080 --- [main] o.s.b.w.embedded.tomcat.TomcatWebServer  : Tomcat initialized with port(s): 8080 (http)
2022-09-15 17:39:12.299  INFO 14080 --- [main] o.apache.catalina.core.StandardService   : Starting service [Tomcat]
2022-09-15 17:39:12.299  INFO 14080 --- [main] org.apache.catalina.core.StandardEngine  : Starting Servlet engine: [Apache Tomcat/9.0.65]
2022-09-15 17:39:12.440  INFO 14080 --- [main] o.a.c.c.C.[Tomcat].[localhost].[/]       : Initializing Spring embedded WebApplicationContext
2022-09-15 17:39:12.440  INFO 14080 --- [main] w.s.c.ServletWebServerApplicationContext : Root WebApplicationContext: initialization completed in 1400 ms
2022-09-15 17:39:12.610  INFO 14080 --- [main] o.f.c.internal.license.VersionPrinter    : Flyway Community Edition 5.2.4 by Boxfuse
2022-09-15 17:39:12.612  INFO 14080 --- [main] com.zaxxer.hikari.HikariDataSource       : HikariPool-1 - Starting...
2022-09-15 17:39:12.772  INFO 14080 --- [main] com.zaxxer.hikari.HikariDataSource       : HikariPool-1 - Start completed.
2022-09-15 17:39:12.780  INFO 14080 --- [main] o.f.c.internal.database.DatabaseFactory  : Database: jdbc:postgresql://localhost:5432/test (PostgreSQL 14.5)
2022-09-15 17:39:12.787  WARN 14080 --- [main] o.f.c.internal.database.base.Database    : Flyway upgrade recommended: PostgreSQL 14.5 is newer than this version of Flyway and support has not been tested.
2022-09-15 17:39:12.841  INFO 14080 --- [main] o.f.core.internal.command.DbValidate     : Successfully validated 3 migrations (execution time 00:00.028s)
2022-09-15 17:39:12.853  INFO 14080 --- [main] o.f.core.internal.command.DbMigrate      : Current version of schema "public": 3
2022-09-15 17:39:12.855  INFO 14080 --- [main] o.f.core.internal.command.DbMigrate      : Schema "public" is up to date. No migration necessary.
2022-09-15 17:39:12.994  INFO 14080 --- [main] o.hibernate.jpa.internal.util.LogHelper  : HHH000204: Processing PersistenceUnitInfo [name: default]
2022-09-15 17:39:13.060  INFO 14080 --- [main] org.hibernate.Version                    : HHH000412: Hibernate ORM core version 5.6.10.Final
2022-09-15 17:39:13.209  INFO 14080 --- [main] o.hibernate.annotations.common.Version   : HCANN000001: Hibernate Commons Annotations {5.1.2.Final}
2022-09-15 17:39:13.356  INFO 14080 --- [main] org.hibernate.dialect.Dialect            : HHH000400: Using dialect: org.hibernate.dialect.PostgreSQL10Dialect
2022-09-15 17:39:13.895  INFO 14080 --- [main] o.h.e.t.j.p.i.JtaPlatformInitiator       : HHH000490: Using JtaPlatform implementation: [org.hibernate.engine.transaction.jta.platform.internal.NoJtaPlatform]
2022-09-15 17:39:13.908  INFO 14080 --- [main] j.LocalContainerEntityManagerFactoryBean : Initialized JPA EntityManagerFactory for persistence unit 'default'
2022-09-15 17:39:14.659  WARN 14080 --- [main] JpaBaseConfiguration$JpaWebConfiguration : spring.jpa.open-in-view is enabled by default. Therefore, database queries may be performed during view rendering. Explicitly configure spring.jpa.open-in-view to disable this warning
2022-09-15 17:39:14.946  INFO 14080 --- [main] o.s.b.w.embedded.tomcat.TomcatWebServer  : Tomcat started on port(s): 8080 (http) with context path ''
2022-09-15 17:39:14.960  INFO 14080 --- [main] ru.katkova.egannouncerbot.Application    : Started Application in 4.482 seconds (JVM running for 5.563)
2022-09-15 17:39:35.684 ERROR 14080 --- [GamesAnnouncerBot Telegram Executor] o.t.t.u.DefaultBotSession                : null

java.lang.NullPointerException: null
	at org.telegram.telegrambots.meta.api.methods.send.SendPhoto.validate(SendPhoto.java:98) ~[telegrambots-meta-6.1.0.jar:na]
	at org.telegram.telegrambots.bots.DefaultAbsSender.execute(DefaultAbsSender.java:211) ~[telegrambots-6.1.0.jar:na]
	at ru.katkova.egannouncerbot.bot.Bot.formAndSendPromotion(Bot.java:103) ~[classes/:na]
	at ru.katkova.egannouncerbot.bot.Bot.onUpdateReceived(Bot.java:50) ~[classes/:na]
	at java.base/java.util.ArrayList.forEach(ArrayList.java:1541) ~[na:na]
	at ru.katkova.egannouncerbot.bot.Bot.onUpdatesReceived(Bot.java:89) ~[classes/:na]
	at org.telegram.telegrambots.updatesreceivers.DefaultBotSession$HandlerThread.run(DefaultBotSession.java:317) ~[telegrambots-6.1.0.jar:na]

2022-09-15 17:39:48.170  INFO 14080 --- [SpringApplicationShutdownHook] j.LocalContainerEntityManagerFactoryBean : Closing JPA EntityManagerFactory for persistence unit 'default'
2022-09-15 17:39:48.174  INFO 14080 --- [SpringApplicationShutdownHook] com.zaxxer.hikari.HikariDataSource       : HikariPool-1 - Shutdown initiated...
2022-09-15 17:39:48.198  INFO 14080 --- [SpringApplicationShutdownHook] com.zaxxer.hikari.HikariDataSource       : HikariPool-1 - Shutdown completed.
2022-09-15 17:54:13.579  INFO 12616 --- [main] ru.katkova.egannouncerbot.Application    : Starting Application using Java 11.0.15 on WIN-901V0CDECDT with PID 12616 (C:\Data\JavaProjects\EGAnnouncer\target\classes started by user in C:\Data\JavaProjects\EGAnnouncer)
2022-09-15 17:54:13.582 DEBUG 12616 --- [main] ru.katkova.egannouncerbot.Application    : Running with Spring Boot v2.6.10, Spring v5.3.22
2022-09-15 17:54:13.583  INFO 12616 --- [main] ru.katkova.egannouncerbot.Application    : No active profile set, falling back to 1 default profile: "default"
2022-09-15 17:54:14.359  INFO 12616 --- [main] .s.d.r.c.RepositoryConfigurationDelegate : Bootstrapping Spring Data JPA repositories in DEFAULT mode.
2022-09-15 17:54:14.441  INFO 12616 --- [main] .s.d.r.c.RepositoryConfigurationDelegate : Finished Spring Data repository scanning in 59 ms. Found 2 JPA repository interfaces.
2022-09-15 17:54:15.095  INFO 12616 --- [main] o.s.b.w.embedded.tomcat.TomcatWebServer  : Tomcat initialized with port(s): 8080 (http)
2022-09-15 17:54:15.110  INFO 12616 --- [main] o.apache.catalina.core.StandardService   : Starting service [Tomcat]
2022-09-15 17:54:15.111  INFO 12616 --- [main] org.apache.catalina.core.StandardEngine  : Starting Servlet engine: [Apache Tomcat/9.0.65]
2022-09-15 17:54:15.256  INFO 12616 --- [main] o.a.c.c.C.[Tomcat].[localhost].[/]       : Initializing Spring embedded WebApplicationContext
2022-09-15 17:54:15.256  INFO 12616 --- [main] w.s.c.ServletWebServerApplicationContext : Root WebApplicationContext: initialization completed in 1616 ms
2022-09-15 17:54:15.425  INFO 12616 --- [main] o.f.c.internal.license.VersionPrinter    : Flyway Community Edition 5.2.4 by Boxfuse
2022-09-15 17:54:15.428  INFO 12616 --- [main] com.zaxxer.hikari.HikariDataSource       : HikariPool-1 - Starting...
2022-09-15 17:54:15.733  INFO 12616 --- [main] com.zaxxer.hikari.HikariDataSource       : HikariPool-1 - Start completed.
2022-09-15 17:54:15.741  INFO 12616 --- [main] o.f.c.internal.database.DatabaseFactory  : Database: jdbc:postgresql://localhost:5432/test (PostgreSQL 14.5)
2022-09-15 17:54:15.750  WARN 12616 --- [main] o.f.c.internal.database.base.Database    : Flyway upgrade recommended: PostgreSQL 14.5 is newer than this version of Flyway and support has not been tested.
2022-09-15 17:54:15.812  INFO 12616 --- [main] o.f.core.internal.command.DbValidate     : Successfully validated 3 migrations (execution time 00:00.030s)
2022-09-15 17:54:15.823  INFO 12616 --- [main] o.f.core.internal.command.DbMigrate      : Current version of schema "public": 3
2022-09-15 17:54:15.824  INFO 12616 --- [main] o.f.core.internal.command.DbMigrate      : Schema "public" is up to date. No migration necessary.
2022-09-15 17:54:15.955  INFO 12616 --- [main] o.hibernate.jpa.internal.util.LogHelper  : HHH000204: Processing PersistenceUnitInfo [name: default]
2022-09-15 17:54:16.048  INFO 12616 --- [main] org.hibernate.Version                    : HHH000412: Hibernate ORM core version 5.6.10.Final
2022-09-15 17:54:16.269  INFO 12616 --- [main] o.hibernate.annotations.common.Version   : HCANN000001: Hibernate Commons Annotations {5.1.2.Final}
2022-09-15 17:54:16.422  INFO 12616 --- [main] org.hibernate.dialect.Dialect            : HHH000400: Using dialect: org.hibernate.dialect.PostgreSQL10Dialect
2022-09-15 17:54:17.080  INFO 12616 --- [main] o.h.e.t.j.p.i.JtaPlatformInitiator       : HHH000490: Using JtaPlatform implementation: [org.hibernate.engine.transaction.jta.platform.internal.NoJtaPlatform]
2022-09-15 17:54:17.095  INFO 12616 --- [main] j.LocalContainerEntityManagerFactoryBean : Initialized JPA EntityManagerFactory for persistence unit 'default'
2022-09-15 17:54:17.981  WARN 12616 --- [main] JpaBaseConfiguration$JpaWebConfiguration : spring.jpa.open-in-view is enabled by default. Therefore, database queries may be performed during view rendering. Explicitly configure spring.jpa.open-in-view to disable this warning
2022-09-15 17:54:18.372  INFO 12616 --- [main] o.s.b.w.embedded.tomcat.TomcatWebServer  : Tomcat started on port(s): 8080 (http) with context path ''
2022-09-15 17:54:18.390  INFO 12616 --- [main] ru.katkova.egannouncerbot.Application    : Started Application in 5.388 seconds (JVM running for 6.557)
2022-09-15 17:58:03.581  INFO 12616 --- [SpringApplicationShutdownHook] j.LocalContainerEntityManagerFactoryBean : Closing JPA EntityManagerFactory for persistence unit 'default'
2022-09-15 17:58:03.587  INFO 12616 --- [SpringApplicationShutdownHook] com.zaxxer.hikari.HikariDataSource       : HikariPool-1 - Shutdown initiated...
2022-09-15 17:58:03.596  INFO 12616 --- [SpringApplicationShutdownHook] com.zaxxer.hikari.HikariDataSource       : HikariPool-1 - Shutdown completed.
